o:\others\battleia\battleia\x64\debug\vc145.pdb
o:\others\battleia\battleia\x64\debug\vc145.idb
o:\others\battleia\battleia\x64\debug\uirenderer.obj
o:\others\battleia\battleia\x64\debug\renderer.obj
o:\others\battleia\battleia\x64\debug\projectilerenderer.obj
o:\others\battleia\battleia\x64\debug\maprenderer.obj
o:\others\battleia\battleia\x64\debug\entityrenderer.obj
o:\others\battleia\battleia\x64\debug\effectsrenderer.obj
o:\others\battleia\battleia\x64\debug\zonemanager.obj
o:\others\battleia\battleia\x64\debug\resourcemanager.obj
o:\others\battleia\battleia\x64\debug\projectilemanager.obj
o:\others\battleia\battleia\x64\debug\itemmanager.obj
o:\others\battleia\battleia\x64\debug\entitymanager.obj
o:\others\battleia\battleia\x64\debug\cameramanager.obj
o:\others\battleia\battleia\x64\debug\main.obj
o:\others\battleia\battleia\x64\debug\diagnoseentity.obj
o:\others\battleia\battleia\x64\debug\playingstate.obj
o:\others\battleia\battleia\x64\debug\gamestatemanager.obj
o:\others\battleia\battleia\x64\debug\endscreenstate.obj
o:\others\battleia\battleia\x64\debug\gameloop.obj
o:\others\battleia\battleia\x64\debug\game.obj
o:\others\battleia\battleia\x64\debug\application.obj
o:\others\battleia\battleia\x64\debug\zone.obj
o:\others\battleia\battleia\x64\debug\map.obj
o:\others\battleia\battleia\x64\debug\randomutils.obj
o:\others\battleia\battleia\x64\debug\platformutils.obj
o:\others\battleia\battleia\x64\debug\mathutils.obj
o:\others\battleia\battleia\x64\debug\logger.obj
o:\others\battleia\battleia\x64\debug\collisionutils.obj
o:\others\battleia\battleia\x64\debug\statspanel.obj
o:\others\battleia\battleia\x64\debug\scrollablelist.obj
o:\others\battleia\battleia\x64\debug\entitycard.obj
o:\others\battleia\battleia\x64\debug\uimanager.obj
o:\others\battleia\battleia\x64\debug\sidebar.obj
o:\others\battleia\battleia\x64\debug\hud.obj
o:\others\battleia\battleia\x64\debug\endscreen.obj
o:\others\battleia\battleia\x64\debug\movementsystem.obj
o:\others\battleia\battleia\x64\debug\lootsystem.obj
o:\others\battleia\battleia\x64\debug\elosystem.obj
o:\others\battleia\battleia\x64\debug\combatsystem.obj
o:\others\battleia\battleia\x64\debug\aisystem.obj
o:\others\battleia\x64\debug\battleia.exe
o:\others\battleia\x64\debug\battleia.pdb
o:\others\battleia\battleia\x64\debug\battleia.tlog\cl.command.1.tlog
o:\others\battleia\battleia\x64\debug\battleia.tlog\cl.items.tlog
o:\others\battleia\battleia\x64\debug\battleia.tlog\cl.read.1.tlog
o:\others\battleia\battleia\x64\debug\battleia.tlog\cl.write.1.tlog
o:\others\battleia\battleia\x64\debug\battleia.tlog\link.command.1.tlog
o:\others\battleia\battleia\x64\debug\battleia.tlog\link.read.1.tlog
o:\others\battleia\battleia\x64\debug\battleia.tlog\link.secondary.1.tlog
o:\others\battleia\battleia\x64\debug\battleia.tlog\link.write.1.tlog
